<?xml version="1.0" encoding="UTF-8"?><testsuite errors="1" failures="0" name="org.example.features.search.SearchOnWebsite" skipped="0" tests="2" time="14.92" timestamp="2021-05-18 08:27:45"><testcase classname="org.example.features.search.SearchOnWebsite" name="Search wiki by keyword test DDT"><error type="java.lang.NullPointerException"/><system-err>null&#13;
org.example.steps.serenity.EndUserWebsite.should_see_definition(EndUserWebsite.java:30)&#13;
org.example.features.search.SearchOnWebsite.searchWikiByKeywordTestDDT(SearchOnWebsite.java:44)&#13;
</system-err></testcase></testsuite>